<?xml version="1.0" encoding="UTF-8"?>
<!-- Generated by org.testng.reporters.JUnitReportReporter -->
<testsuite hostname="LAPTOP-9G6BBSLV" failures="0" tests="1" name="Maven21.Tesst" time="0.014" errors="0" timestamp="2023-10-21T14:25:22 IST" skipped="0">
  <testcase classname="Maven21.Tesst" name="test_one" time="0.014"/>
</testsuite> <!-- Maven21.Tesst -->
