<?xml version="1.0" encoding="UTF-8"?>
<!-- Generated by org.testng.reporters.JUnitReportReporter -->
<testsuite hostname="LAPTOP-9G6BBSLV" failures="0" tests="1" name="Maven21.Orangehrm" time="25.659" errors="0" timestamp="2023-11-05T22:24:34 IST" skipped="0">
  <testcase classname="Maven21.Orangehrm" name="Forlaunchlrl" time="25.659"/>
</testsuite> <!-- Maven21.Orangehrm -->
