<?xml version="1.0" encoding="UTF-8"?>
<!-- Generated by org.testng.reporters.JUnitReportReporter -->
<testsuite hostname="LAPTOP-9G6BBSLV" failures="0" tests="1" name="Maven21.Fbblogin" time="4.968" errors="0" timestamp="2023-10-28T20:45:21 IST" skipped="0">
  <testcase classname="Maven21.Fbblogin" name="submit" time="4.968"/>
</testsuite> <!-- Maven21.Fbblogin -->
