<?xml version="1.0" encoding="UTF-8"?>
<!-- Generated by org.testng.reporters.JUnitReportReporter -->
<testsuite hostname="LAPTOP-9G6BBSLV" failures="0" tests="1" name="Maven21.October28" time="18.077" errors="0" timestamp="2023-10-29T11:20:14 IST" skipped="0">
  <testcase classname="Maven21.October28" name="Loginpage" time="18.077"/>
</testsuite> <!-- Maven21.October28 -->
