<?xml version="1.0" encoding="UTF-8"?>
<!-- Generated by org.testng.reporters.JUnitReportReporter -->
<testsuite hostname="LAPTOP-9G6BBSLV" failures="0" tests="4" name="Maven21.Facbook1" time="27.600" errors="0" timestamp="2023-10-28T20:38:17 IST" skipped="0">
  <testcase classname="Maven21.Facbook1" name="Urllaunch" time="7.876"/>
  <testcase classname="Maven21.Facbook1" name="Enterusername" time="5.703"/>
  <testcase classname="Maven21.Facbook1" name="EnterLastname" time="5.388"/>
  <testcase classname="Maven21.Facbook1" name="Entermail" time="8.633"/>
</testsuite> <!-- Maven21.Facbook1 -->
