<?xml version="1.0" encoding="UTF-8"?>
<!-- Generated by org.testng.reporters.JUnitReportReporter -->
<testsuite hostname="LAPTOP-9G6BBSLV" failures="0" tests="1" name="Maven21.Nawaz22" time="32.907" errors="0" timestamp="2023-10-22T12:22:11 IST" skipped="0">
  <testcase classname="Maven21.Nawaz22" name="Urllaunch" time="32.907"/>
</testsuite> <!-- Maven21.Nawaz22 -->
