<?xml version="1.0" encoding="UTF-8"?>
<!-- Generated by org.testng.reporters.JUnitReportReporter -->
<testsuite hostname="LAPTOP-9G6BBSLV" failures="0" tests="5" name="Maven21.Fbcreationwithlogin" time="69.365" errors="0" timestamp="2023-11-03T23:04:15 IST" skipped="0">
  <testcase classname="Maven21.Fbcreationwithlogin" name="submit" time="17.481"/>
  <testcase classname="Maven21.Fbcreationwithlogin" name="Urllaunch" time="6.313"/>
  <testcase classname="Maven21.Fbcreationwithlogin" name="Enterusername" time="8.765"/>
  <testcase classname="Maven21.Fbcreationwithlogin" name="EnterLastname" time="6.014"/>
  <testcase classname="Maven21.Fbcreationwithlogin" name="Entermail" time="30.792"/>
</testsuite> <!-- Maven21.Fbcreationwithlogin -->
